<?xml version="1.0" encoding="UTF-8"?>
<testsuite name="br.com.reactor.app.MonoTest" tests="1" skipped="0" failures="0" errors="0" timestamp="2021-04-21T23:37:28" hostname="Alans-iMac-Pro.local" time="0.068">
  <properties/>
  <testcase name="monoSubscriberConsumerError()" classname="br.com.reactor.app.MonoTest" time="0.068"/>
  <system-out><![CDATA[]]></system-out>
  <system-err><![CDATA[[Test worker] ERROR br.com.reactor.app.MonoTest - Something bad happened
[Test worker] INFO br.com.reactor.app.MonoTest - -----------------------------------------
]]></system-err>
</testsuite>
